[0m10:52:12.429542 [debug] [MainThread]: Sending event: {'category': 'dbt', 'action': 'invocation', 'label': 'start', 'context': [<snowplow_tracker.self_describing_json.SelfDescribingJson object at 0x000002013DD246E0>, <snowplow_tracker.self_describing_json.SelfDescribingJson object at 0x000002013BA3A210>, <snowplow_tracker.self_describing_json.SelfDescribingJson object at 0x000002013BBC5340>]}


============================== 10:52:12.435614 | d9170a1d-a7fc-47ad-ab1e-47ebaca2395c ==============================
[0m10:52:12.435614 [info ] [MainThread]: Running with dbt=1.11.7
[0m10:52:12.436615 [debug] [MainThread]: running dbt with arguments {'version_check': 'True', 'no_print': 'None', 'static_parser': 'True', 'target_path': 'None', 'warn_error_options': 'WarnErrorOptionsV2(error=[], warn=[], silence=[])', 'printer_width': '80', 'write_json': 'True', 'introspect': 'True', 'log_cache_events': 'False', 'empty': 'None', 'cache_selected_only': 'False', 'log_format': 'default', 'debug': 'False', 'fail_fast': 'False', 'profiles_dir': 'C:\\Users\\orlan\\.dbt', 'send_anonymous_usage_stats': 'True', 'quiet': 'False', 'warn_error': 'None', 'partial_parse': 'True', 'use_colors': 'True', 'invocation_command': 'dbt init manufacturing_dbt', 'indirect_selection': 'eager', 'use_experimental_parser': 'False', 'log_path': 'logs'}
[0m10:52:12.458378 [info ] [MainThread]: Creating dbt configuration folder at C:\Users\orlan\.dbt
[0m10:52:12.461818 [debug] [MainThread]: Starter project path: C:\Users\orlan\OneDrive\Escritorio\Data Engineer\manufacturing-pipeline\.venv\Lib\site-packages\dbt\include\starter_project
[0m10:52:12.476625 [info ] [MainThread]: 
Your new dbt project "manufacturing_dbt" was created!

For more information on how to configure the profiles.yml file,
please consult the dbt documentation here:

  https://docs.getdbt.com/docs/configure-your-profile

One more thing:

Need help? Don't hesitate to reach out to us via GitHub issues or on Slack:

  https://community.getdbt.com/

Happy modeling!

[0m10:52:12.477625 [info ] [MainThread]: Setting up your profile.
[0m10:52:45.783827 [info ] [MainThread]: Profile manufacturing_dbt written to C:\Users\orlan\.dbt\profiles.yml using target's sample configuration. Once updated, you'll be able to start developing with dbt.
[0m10:52:45.785070 [debug] [MainThread]: Command `dbt init` succeeded at 10:52:45.785070 after 33.48 seconds
[0m10:52:45.786068 [debug] [MainThread]: Sending event: {'category': 'dbt', 'action': 'invocation', 'label': 'end', 'context': [<snowplow_tracker.self_describing_json.SelfDescribingJson object at 0x000002013DD246E0>, <snowplow_tracker.self_describing_json.SelfDescribingJson object at 0x000002013BBC5340>, <snowplow_tracker.self_describing_json.SelfDescribingJson object at 0x000002013B1421E0>]}
[0m10:52:45.786068 [debug] [MainThread]: Flushing usage events
[0m10:52:46.724713 [debug] [MainThread]: An error was encountered while trying to flush usage events
